# Project run check 20260527_231934
PWD=/home/clcwork/UAV_capture/px4_ros2_ws
## versions
/usr/bin/python3
Python 3.12.3
/usr/bin/colcon
/opt/ros/jazzy/bin/ros2
/usr/bin/gz
## source ROS
ROS_DISTRO=jazzy
## compileall
Listing 'src'...
Listing 'src/aerial_manip_control'...
Listing 'src/aerial_manip_control/aerial_manip_control'...
Listing 'src/aerial_manip_control/resource'...
Listing 'src/aerial_manip_eval'...
Listing 'src/aerial_manip_eval/aerial_manip_eval'...
Listing 'src/aerial_manip_eval/resource'...
Listing 'src/aerial_manip_gazebo'...
Listing 'src/aerial_manip_gazebo/config'...
Listing 'src/aerial_manip_gazebo/launch'...
Compiling 'src/aerial_manip_gazebo/launch/front_camera_bridge.launch.py'...
Listing 'src/aerial_manip_gazebo/models'...
Listing 'src/aerial_manip_gazebo/models/fiducial_target_aruco'...
Listing 'src/aerial_manip_gazebo/models/fiducial_target_aruco/materials'...
Listing 'src/aerial_manip_gazebo/models/fiducial_target_aruco/materials/textures'...
Listing 'src/aerial_manip_gazebo/models/x500_arm_2dof'...
Listing 'src/aerial_manip_gazebo/scripts'...
Listing 'src/aerial_manip_gazebo/worlds'...
Listing 'src/aerial_manip_msgs'...
Listing 'src/aerial_manip_msgs/action'...
Listing 'src/aerial_manip_msgs/msg'...
Listing 'src/aerial_manip_policy'...
Listing 'src/aerial_manip_policy/aerial_manip_policy'...
Listing 'src/aerial_manip_policy/resource'...
Listing 'src/aerial_manip_vision'...
Listing 'src/aerial_manip_vision/aerial_manip_vision'...
Listing 'src/aerial_manip_vision/launch'...
Listing 'src/aerial_manip_vision/resource'...
Listing 'src/px4_msgs'...
Listing 'src/px4_msgs/.git'...
Listing 'src/px4_msgs/.git/branches'...
Listing 'src/px4_msgs/.git/hooks'...
Listing 'src/px4_msgs/.git/info'...
Listing 'src/px4_msgs/.git/logs'...
Listing 'src/px4_msgs/.git/logs/refs'...
Listing 'src/px4_msgs/.git/logs/refs/heads'...
Listing 'src/px4_msgs/.git/logs/refs/remotes'...
Listing 'src/px4_msgs/.git/logs/refs/remotes/origin'...
Listing 'src/px4_msgs/.git/objects'...
Listing 'src/px4_msgs/.git/objects/info'...
Listing 'src/px4_msgs/.git/objects/pack'...
Listing 'src/px4_msgs/.git/refs'...
Listing 'src/px4_msgs/.git/refs/heads'...
Listing 'src/px4_msgs/.git/refs/remotes'...
Listing 'src/px4_msgs/.git/refs/remotes/origin'...
Listing 'src/px4_msgs/.git/refs/tags'...
Listing 'src/px4_msgs/.github'...
Listing 'src/px4_msgs/.github/workflows'...
Listing 'src/px4_msgs/msg'...
Listing 'src/px4_msgs/srv'...
Listing 'src/px4_offboard_hover'...
Listing 'src/px4_offboard_hover/px4_offboard_hover'...
Listing 'src/px4_offboard_hover/resource'...
Listing 'scripts'...
## shell syntax
## colcon list
aerial_manip_control
aerial_manip_eval
aerial_manip_gazebo
aerial_manip_msgs
aerial_manip_policy
aerial_manip_vision
px4_msgs
px4_offboard_hover
## focused build
Starting >>> aerial_manip_msgs
Starting >>> aerial_manip_gazebo
Starting >>> px4_offboard_hover
Finished <<< aerial_manip_gazebo [0.18s]
Finished <<< aerial_manip_msgs [0.33s]
Starting >>> aerial_manip_control
Starting >>> aerial_manip_eval
Starting >>> aerial_manip_policy
Starting >>> aerial_manip_vision
Finished <<< px4_offboard_hover [1.07s]
Finished <<< aerial_manip_control [1.07s]
Finished <<< aerial_manip_eval [1.07s]
Finished <<< aerial_manip_vision [1.07s]
Finished <<< aerial_manip_policy [1.08s]

Summary: 7 packages finished [1.51s]
## demo10 dry run
[demo10] mode=dry-run output_dir=logs/demo10_air_reach/20260527_231936
DEMO10_DRY_RUN=PASS output_dir=logs/demo10_air_reach/20260527_231936
CHECK=PASS path=logs/demo10_air_reach/20260527_231936 mode=dry-run max_flight_error_m=0.067 final_endpoint_error_m=0.051 target_visible_ratio=0.775
[demo10] output_dir=logs/demo10_air_reach/20260527_231936
## latest demo10 check
CHECK=PASS path=logs/demo10_air_reach/20260527_231936 mode=dry-run max_flight_error_m=0.067 final_endpoint_error_m=0.051 target_visible_ratio=0.775
FINAL_RESULT=PASS
